--- Copying files at Wed Feb 14 19:03:15 UTC 2024
--- Copying files at Wed Feb 14 19:13:13 UTC 2024
--- Copying files at Sat Feb 17 08:45:32 UTC 2024
--- Copying files at Wed Feb 21 11:45:21 UTC 2024
--- Copying files at Wed Feb 21 14:05:20 UTC 2024
--- Copying files at Wed Feb 21 14:10:51 UTC 2024
--- Copying files at Wed Feb 21 15:00:01 UTC 2024
--- Copying files at Wed Feb 21 15:00:44 UTC 2024
--- Copying files at Wed Feb 21 15:25:58 UTC 2024
--- Copying files at Wed Feb 21 15:31:49 UTC 2024
--- Copying files at Wed Feb 21 15:38:28 UTC 2024
--- Copying files at Sat Feb 24 08:24:33 UTC 2024
--- Copying files at Wed Feb 28 10:27:06 UTC 2024
--- Copying files at Wed Feb 28 10:50:01 UTC 2024
--- Copying files at Wed Feb 28 12:00:16 UTC 2024
--- Copying files at Wed Feb 28 12:00:36 UTC 2024
--- Copying files at Wed Feb 28 12:46:10 UTC 2024
--- Copying files at Wed Feb 28 12:46:58 UTC 2024
--- Copying files at Wed Feb 28 17:28:53 UTC 2024
--- Copying files at Wed Feb 28 17:48:40 UTC 2024
--- Copying files at Wed Feb 28 17:49:24 UTC 2024
--- Copying files at Wed Feb 28 18:15:06 UTC 2024
--- Copying files at Thu Feb 29 09:44:51 UTC 2024
--- Copying files at Thu Feb 29 09:47:22 UTC 2024
--- Copying files at Thu Feb 29 09:54:09 UTC 2024
--- Copying files at Sat Mar  2 08:06:53 UTC 2024
--- Copying files at Sat Mar  2 10:37:10 UTC 2024
--- Copying files at Sun Mar  3 17:43:00 UTC 2024
--- Copying files at Sun Mar  3 17:45:36 UTC 2024
--- Copying files at Sun Mar  3 17:52:00 UTC 2024
